<?xml version="1.0" encoding="UTF-8"?>
<!-- Generated by org.testng.reporters.JUnitReportReporter -->
<testsuite hostname="DESKTOP-8923KN6" failures="0" tests="2" name="SmartBuy_Test1" time="5.385" errors="0" timestamp="2023-04-08T23:37:06 AST" skipped="0">
  <testcase classname="SmartBuy_Test1" name="check_the_price" time="1.073"/>
  <system-out/>
  <testcase classname="SmartBuy_Test1" name="Test_add_SAMSUNG_50_inch" time="4.312"/>
  <system-out/>
</testsuite> <!-- SmartBuy_Test1 -->
