<?xml version="1.0" encoding="UTF-8"?>
<!-- Generated by org.testng.reporters.JUnitReportReporter -->
<testsuite hostname="DESKTOP-8923KN6" failures="0" tests="2" name="SmartBuy_Test1" time="13.002" errors="0" timestamp="2023-04-09T01:26:55 AST" skipped="0">
  <testcase classname="SmartBuy_Test1" name="Test_add_SAMSUNG_50_inch" time="4.541"/>
  <system-out/>
  <testcase classname="SmartBuy_Test1" name="check_the_price" time="8.461"/>
  <system-out/>
</testsuite> <!-- SmartBuy_Test1 -->
